<?xml version="1.0" encoding="UTF-8"?>
<testng-results ignored="0" total="1" passed="0" failed="0" skipped="1">
  <reporter-output>
    <line>
      <![CDATA[====Database Connected====]]>
    </line>
    <line>
      <![CDATA[====URL copied====]]>
    </line>
    <line>
      <![CDATA[firefox launched]]>
    </line>
    <line>
      <![CDATA[Browser launched ]]>
    </line>
  </reporter-output>
  <suite started-at="2023-04-10T16:24:04 IST" name="Default suite" finished-at="2023-04-10T16:24:21 IST" duration-ms="16721">
    <groups>
    </groups>
    <test started-at="2023-04-10T16:24:04 IST" name="Default test" finished-at="2023-04-10T16:24:21 IST" duration-ms="16721">
      <class name="VTiger.practice.GetAllWindowNames">
        <test-method is-config="true" signature="bsConfig()[pri:0, instance:VTiger.practice.GetAllWindowNames@13fd2ccd]" started-at="2023-04-10T16:24:04 IST" name="bsConfig" finished-at="2023-04-10T16:24:04 IST" duration-ms="10" status="PASS">
          <reporter-output>
            <line>
              <![CDATA[====Database Connected====]]>
            </line>
          </reporter-output>
        </test-method> <!-- bsConfig -->
        <test-method is-config="true" signature="bcConfig()[pri:0, instance:VTiger.practice.GetAllWindowNames@13fd2ccd]" started-at="2023-04-10T16:24:04 IST" name="bcConfig" finished-at="2023-04-10T16:24:17 IST" duration-ms="13433" status="PASS">
          <reporter-output>
            <line>
              <![CDATA[====URL copied====]]>
            </line>
            <line>
              <![CDATA[firefox launched]]>
            </line>
            <line>
              <![CDATA[Browser launched ]]>
            </line>
          </reporter-output>
        </test-method> <!-- bcConfig -->
        <test-method signature="testScript1(java.lang.String,java.lang.String)[pri:0, instance:VTiger.practice.GetAllWindowNames@13fd2ccd]" started-at="2023-04-10T16:24:19 IST" name="testScript1" data-provider="getData" finished-at="2023-04-10T16:24:19 IST" duration-ms="0" status="SKIP">
          <exception class="java.lang.RuntimeException">
            <message>
              <![CDATA[java.lang.NullPointerException: Cannot invoke "org.apache.poi.ss.usermodel.Sheet.getLastRowNum()" because "s" is null]]>
            </message>
            <full-stacktrace>
              <![CDATA[java.lang.RuntimeException: java.lang.NullPointerException: Cannot invoke "org.apache.poi.ss.usermodel.Sheet.getLastRowNum()" because "s" is null
at org.testng.internal.MethodInvocationHelper.invokeMethodNoCheckedException(MethodInvocationHelper.java:50)
at org.testng.internal.MethodInvocationHelper.invokeDataProvider(MethodInvocationHelper.java:146)
at org.testng.internal.Parameters.handleParameters(Parameters.java:798)
at org.testng.internal.Parameters.handleParameters(Parameters.java:740)
at org.testng.internal.ParameterHandler.handleParameters(ParameterHandler.java:59)
at org.testng.internal.ParameterHandler.createParameters(ParameterHandler.java:38)
at org.testng.internal.TestInvoker$MethodInvocationAgent.invoke(TestInvoker.java:791)
at org.testng.internal.TestInvoker.invokeTestMethods(TestInvoker.java:146)
at org.testng.internal.TestMethodWorker.invokeTestMethods(TestMethodWorker.java:146)
at org.testng.internal.TestMethodWorker.run(TestMethodWorker.java:128)
at java.base/java.util.ArrayList.forEach(ArrayList.java:1511)
at org.testng.TestRunner.privateRun(TestRunner.java:794)
at org.testng.TestRunner.run(TestRunner.java:596)
at org.testng.SuiteRunner.runTest(SuiteRunner.java:377)
at org.testng.SuiteRunner.runSequentially(SuiteRunner.java:371)
at org.testng.SuiteRunner.privateRun(SuiteRunner.java:332)
at org.testng.SuiteRunner.run(SuiteRunner.java:276)
at org.testng.SuiteRunnerWorker.runSuite(SuiteRunnerWorker.java:53)
at org.testng.SuiteRunnerWorker.run(SuiteRunnerWorker.java:96)
at org.testng.TestNG.runSuitesSequentially(TestNG.java:1212)
at org.testng.TestNG.runSuitesLocally(TestNG.java:1134)
at org.testng.TestNG.runSuites(TestNG.java:1063)
at org.testng.TestNG.run(TestNG.java:1031)
at org.testng.remote.AbstractRemoteTestNG.run(AbstractRemoteTestNG.java:115)
at org.testng.remote.RemoteTestNG.initAndRun(RemoteTestNG.java:251)
at org.testng.remote.RemoteTestNG.main(RemoteTestNG.java:77)
Caused by: java.lang.NullPointerException: Cannot invoke "org.apache.poi.ss.usermodel.Sheet.getLastRowNum()" because "s" is null
at Vtiger.genericUtilities.ExcelFileUtility.readDataFromExcelToDataProvider(ExcelFileUtility.java:37)
at VTiger.practice.GetAllWindowNames.getData(GetAllWindowNames.java:22)
at java.base/jdk.internal.reflect.NativeMethodAccessorImpl.invoke0(Native Method)
at java.base/jdk.internal.reflect.NativeMethodAccessorImpl.invoke(NativeMethodAccessorImpl.java:77)
at java.base/jdk.internal.reflect.DelegatingMethodAccessorImpl.invoke(DelegatingMethodAccessorImpl.java:43)
at java.base/java.lang.reflect.Method.invoke(Method.java:568)
at org.testng.internal.MethodInvocationHelper.invokeMethod(MethodInvocationHelper.java:133)
at org.testng.internal.MethodInvocationHelper.invokeMethod(MethodInvocationHelper.java:77)
at org.testng.internal.MethodInvocationHelper.invokeMethodNoCheckedException(MethodInvocationHelper.java:46)
... 25 more
]]>
            </full-stacktrace>
          </exception> <!-- java.lang.RuntimeException -->
          <reporter-output>
          </reporter-output>
        </test-method> <!-- testScript1 -->
        <test-method is-config="true" signature="acConfig()[pri:0, instance:VTiger.practice.GetAllWindowNames@13fd2ccd]" started-at="2023-04-10T16:24:19 IST" name="acConfig" finished-at="2023-04-10T16:24:21 IST" duration-ms="2083" status="PASS">
          <reporter-output>
          </reporter-output>
        </test-method> <!-- acConfig -->
        <test-method is-config="true" signature="asConfig()[pri:0, instance:VTiger.practice.GetAllWindowNames@13fd2ccd]" started-at="2023-04-10T16:24:21 IST" name="asConfig" finished-at="2023-04-10T16:24:21 IST" duration-ms="0" status="PASS">
          <reporter-output>
          </reporter-output>
        </test-method> <!-- asConfig -->
      </class> <!-- VTiger.practice.GetAllWindowNames -->
    </test> <!-- Default test -->
  </suite> <!-- Default suite -->
</testng-results>
